<?xml version="1.0" encoding="UTF-8"?>
<!-- Generated by org.testng.reporters.JUnitXMLReporter -->
<testsuite hostname="DESKTOP-ECDIVLQ" ignored="0" name="OprnCart tests" tests="2" failures="2" timestamp="2021-03-26T18:54:35 PDT" time="29.77" errors="0">
  <testcase name="test_account_registration" time="11.226" classname="TestCases.TC_001_AccountRegistration">
    <failure type="java.lang.AssertionError" message="null">
      <![CDATA[java.lang.AssertionError: null
at TestCases.TC_001_AccountRegistration.test_account_registration(TC_001_AccountRegistration.java:73)
at java.util.ArrayList.forEach(ArrayList.java:1259)
... Removed 32 stack frames]]>
    </failure>
  </testcase> <!-- test_account_registration -->
  <testcase name="test_login" time="11.923" classname="TestCases.TC_002_Login">
    <failure type="java.lang.AssertionError">
      <![CDATA[java.lang.AssertionError
at org.junit.Assert.fail(Assert.java:86)
at org.junit.Assert.fail(Assert.java:95)
at TestCases.TC_002_Login.test_login(TC_002_Login.java:58)
at java.util.ArrayList.forEach(ArrayList.java:1259)
... Removed 30 stack frames]]>
    </failure>
  </testcase> <!-- test_login -->
</testsuite> <!-- OprnCart tests -->
